<?xml version="1.0" encoding="UTF-8"?>
<!-- Generated by org.testng.reporters.JUnitReportReporter -->
<testsuite skipped="0" hostname="Vijay-PC" name="testScripts.TC_001" tests="1" failures="0" timestamp="24 Jun 2018 17:14:44 GMT" time="10.416" errors="0">
  <testcase name="testcase1" time="10.416" classname="testScripts.TC_001"/>
</testsuite> <!-- testScripts.TC_001 -->
